# JRE version: OpenJDK Runtime Environment Temurin-17.0.8.1+1 (17.0.8.1+1) (build 17.0.8.1+1)
# Java VM: OpenJDK 64-Bit Server VM Temurin-17.0.8.1+1 (17.0.8.1+1, mixed mode, sharing, tiered, compressed oops, compressed class ptrs, g1 gc, windows-amd64)
GC Precious Log:
 CPUs: 12 total, 12 available
 Memory: 5989M
 Large Page Support: Disabled
 NUMA Support: Disabled
 Compressed Oops: Enabled (Zero based)
 Heap Region Size: 4M
 Heap Min Capacity: 8M
 Heap Initial Capacity: 96M
 Heap Max Capacity: 8G
 Pre-touch: Disabled
 Parallel Workers: 10
 Concurrent Workers: 3
 Concurrent Refinement Workers: 10
 Periodic GC: Disabled
Heap:
 garbage-first heap   total 1200128K, used 313482K [0x0000000600000000, 0x0000000800000000)
  region size 4096K, 1 young (4096K), 1 survivors (4096K)
 Metaspace       used 163713K, committed 164800K, reserved 1245184K
  class space    used 20499K, committed 20992K, reserved 1048576K
GC Heap History (20 events):
Event: 261.018 GC heap after
{Heap after GC invocations=111 (full 0):
 garbage-first heap   total 1200128K, used 256917K [0x0000000600000000, 0x0000000800000000)
  region size 4096K, 1 young (4096K), 1 survivors (4096K)
 Metaspace       used 163540K, committed 164608K, reserved 1245184K
  class space    used 20498K, committed 20992K, reserved 1048576K
}
Event: 296.113 GC heap before
{Heap before GC invocations=111 (full 0):
 garbage-first heap   total 1200128K, used 371605K [0x0000000600000000, 0x0000000800000000)
  region size 4096K, 30 young (122880K), 1 survivors (4096K)
 Metaspace       used 163577K, committed 164672K, reserved 1245184K
  class space    used 20498K, committed 20992K, reserved 1048576K
}
Event: 296.333 GC heap after
{Heap after GC invocations=112 (full 0):
 garbage-first heap   total 1200128K, used 263878K [0x0000000600000000, 0x0000000800000000)
  region size 4096K, 3 young (12288K), 3 survivors (12288K)
 Metaspace       used 163577K, committed 164672K, reserved 1245184K
  class space    used 20498K, committed 20992K, reserved 1048576K
}
Event: 296.727 GC heap before
{Heap before GC invocations=112 (full 0):
 garbage-first heap   total 1200128K, used 308934K [0x0000000600000000, 0x0000000800000000)
  region size 4096K, 14 young (57344K), 3 survivors (12288K)
 Metaspace       used 163577K, committed 164672K, reserved 1245184K
  class space    used 20498K, committed 20992K, reserved 1048576K
}
Event: 296.814 GC heap after
{Heap after GC invocations=113 (full 0):
 garbage-first heap   total 1200128K, used 265598K [0x0000000600000000, 0x0000000800000000)
  region size 4096K, 1 young (4096K), 1 survivors (4096K)
 Metaspace       used 163577K, committed 164672K, reserved 1245184K
  class space    used 20498K, committed 20992K, reserved 1048576K
}
Event: 297.293 GC heap before
{Heap before GC invocations=113 (full 0):
 garbage-first heap   total 1200128K, used 396670K [0x0000000600000000, 0x0000000800000000)
  region size 4096K, 33 young (135168K), 1 survivors (4096K)
 Metaspace       used 163578K, committed 164672K, reserved 1245184K
  class space    used 20498K, committed 20992K, reserved 1048576K
}
Event: 297.307 GC heap after
{Heap after GC invocations=114 (full 0):
 garbage-first heap   total 1200128K, used 268562K [0x0000000600000000, 0x0000000800000000)
  region size 4096K, 2 young (8192K), 2 survivors (8192K)
 Metaspace       used 163578K, committed 164672K, reserved 1245184K
  class space    used 20498K, committed 20992K, reserved 1048576K
}
Event: 303.220 GC heap before
{Heap before GC invocations=114 (full 0):
 garbage-first heap   total 1200128K, used 411922K [0x0000000600000000, 0x0000000800000000)
  region size 4096K, 37 young (151552K), 2 survivors (8192K)
 Metaspace       used 163599K, committed 164672K, reserved 1245184K
  class space    used 20498K, committed 20992K, reserved 1048576K
}
Event: 303.237 GC heap after
{Heap after GC invocations=115 (full 0):
 garbage-first heap   total 1200128K, used 274662K [0x0000000600000000, 0x0000000800000000)
  region size 4096K, 3 young (12288K), 3 survivors (12288K)
 Metaspace       used 163599K, committed 164672K, reserved 1245184K
  class space    used 20498K, committed 20992K, reserved 1048576K
}
Event: 340.237 GC heap before
{Heap before GC invocations=115 (full 0):
 garbage-first heap   total 1200128K, used 360678K [0x0000000600000000, 0x0000000800000000)
  region size 4096K, 25 young (102400K), 3 survivors (12288K)
 Metaspace       used 163633K, committed 164672K, reserved 1245184K
  class space    used 20498K, committed 20992K, reserved 1048576K
}
Event: 340.363 GC heap after
{Heap after GC invocations=116 (full 0):
 garbage-first heap   total 1200128K, used 276867K [0x0000000600000000, 0x0000000800000000)
  region size 4096K, 3 young (12288K), 3 survivors (12288K)
 Metaspace       used 163633K, committed 164672K, reserved 1245184K
  class space    used 20498K, committed 20992K, reserved 1048576K
}
Event: 347.797 GC heap before
{Heap before GC invocations=116 (full 0):
 garbage-first heap   total 1200128K, used 444803K [0x0000000600000000, 0x0000000800000000)
  region size 4096K, 45 young (184320K), 3 survivors (12288K)
 Metaspace       used 163636K, committed 164736K, reserved 1245184K
  class space    used 20498K, committed 20992K, reserved 1048576K
}
Event: 347.840 GC heap after
{Heap after GC invocations=117 (full 0):
 garbage-first heap   total 1200128K, used 281221K [0x0000000600000000, 0x0000000800000000)
  region size 4096K, 4 young (16384K), 4 survivors (16384K)
 Metaspace       used 163636K, committed 164736K, reserved 1245184K
  class space    used 20498K, committed 20992K, reserved 1048576K
}
Event: 354.555 GC heap before
{Heap before GC invocations=117 (full 0):
 garbage-first heap   total 1200128K, used 449157K [0x0000000600000000, 0x0000000800000000)
  region size 4096K, 46 young (188416K), 4 survivors (16384K)
 Metaspace       used 163685K, committed 164736K, reserved 1245184K
  class space    used 20499K, committed 20992K, reserved 1048576K
}
Event: 354.604 GC heap after
{Heap after GC invocations=118 (full 0):
 garbage-first heap   total 1200128K, used 288206K [0x0000000600000000, 0x0000000800000000)
  region size 4096K, 5 young (20480K), 5 survivors (20480K)
 Metaspace       used 163685K, committed 164736K, reserved 1245184K
  class space    used 20499K, committed 20992K, reserved 1048576K
}
Event: 358.590 GC heap before
{Heap before GC invocations=118 (full 0):
 garbage-first heap   total 1200128K, used 423374K [0x0000000600000000, 0x0000000800000000)
  region size 4096K, 39 young (159744K), 5 survivors (20480K)
 Metaspace       used 163706K, committed 164736K, reserved 1245184K
  class space    used 20499K, committed 20992K, reserved 1048576K
}
Event: 359.218 GC heap after
{Heap after GC invocations=119 (full 0):
 garbage-first heap   total 1200128K, used 311190K [0x0000000600000000, 0x0000000800000000)
  region size 4096K, 5 young (20480K), 5 survivors (20480K)
 Metaspace       used 163706K, committed 164736K, reserved 1245184K
  class space    used 20499K, committed 20992K, reserved 1048576K
}
Event: 359.443 GC heap before
{Heap before GC invocations=119 (full 0):
 garbage-first heap   total 1200128K, used 343958K [0x0000000600000000, 0x0000000800000000)
  region size 4096K, 14 young (57344K), 5 survivors (20480K)
 Metaspace       used 163706K, committed 164736K, reserved 1245184K
  class space    used 20499K, committed 20992K, reserved 1048576K
}
Event: 359.510 GC heap after
{Heap after GC invocations=120 (full 0):
 garbage-first heap   total 1200128K, used 314923K [0x0000000600000000, 0x0000000800000000)
  region size 4096K, 1 young (4096K), 1 survivors (4096K)
 Metaspace       used 163706K, committed 164736K, reserved 1245184K
  class space    used 20499K, committed 20992K, reserved 1048576K
}
Event: 360.430 GC heap before
{Heap before GC invocations=120 (full 0):
 garbage-first heap   total 1200128K, used 445995K [0x0000000600000000, 0x0000000800000000)
  region size 4096K, 34 young (139264K), 1 survivors (4096K)
 Metaspace       used 163713K, committed 164800K, reserved 1245184K
  class space    used 20499K, committed 20992K, reserved 1048576K
}

